/*C5*/SET SCHEMA PUBLIC
DROP TABLE IF EXISTS RENTAL_RECORD
DROP TABLE IF EXISTS RENTAL_RECORD
CREATE TABLE  IF NOT EXISTS RENTAL_PROPERTY (\u0009ID INT GENERATED BY DEFAULT AS IDENTITY(START WITH 100, INCREMENT BY 1) PRIMARY KEY,\u0009PROPERTY_ID VARCHAR(100) UNIQUE,\u0009IMAGE_URL VARCHAR(100),\u0009NUM_BEDROOMS INT,\u0009TYPE_NAME VARCHAR(50),\u0009STATUS VARCHAR(50),\u0009SHORT_DESCRIPTION CLOB,\u0009LONG_DESCRIPTION CLOB,\u0009STREET_NUM INTEGER,\u0009STREET_NAME VARCHAR(300),\u0009SUBURB VARCHAR(100),\u0009IN_MAINTENANCE VARCHAR(5),\u0009FEE_PER_DAY DOUBLE)
CREATE TABLE  IF NOT EXISTS RENTAL_RECORD(\u0009ID INTEGER GENERATED BY DEFAULT AS IDENTITY(START WITH 100, INCREMENT BY 1) PRIMARY KEY,\u0009PROPERTY_ID VARCHAR(100),\u0009START_DATE DATE,\u0009ESTIMATED_RETURN_DATE DATE,\u0009ACTUAL_RETURN_DATE DATE,\u0009RENTAL_FEE DOUBLE,\u0009LATE_FEE DOUBLE,\u0009TOTAL_DUE DOUBLE,\u0009CUSTOMER VARCHAR(100),\u0009FOREIGN KEY (PROPERTY_ID) REFERENCES RENTAL_PROPERTY(PROPERTY_ID))
/*C8*/SET SCHEMA PUBLIC
DISCONNECT
/*C9*/SET SCHEMA PUBLIC
DISCONNECT
/*C10*/SET SCHEMA PUBLIC
INSERT INTO RENTAL_RECORD VALUES(100,'A_002','2020-05-25','2020-05-29','2020-09-06',200.0E0,100.0E0,0.0E0,'123')
COMMIT
/*C11*/SET SCHEMA PUBLIC
DELETE FROM RENTAL_PROPERTY WHERE ID=100
INSERT INTO RENTAL_PROPERTY VALUES(100,'A_002','/images/architecture-1.jpg',3,'Apartment','Rented',1,2,1001,'State Bridge Rd, GA','Johns Creek','No',200.0E0)
SET SCHEMA SYSTEM_LOBS
DELETE FROM LOB_IDS WHERE LOB_ID=1
INSERT INTO LOB_IDS VALUES(1,24,0,40)
DELETE FROM LOB_IDS WHERE LOB_ID=2
INSERT INTO LOB_IDS VALUES(2,44,0,40)
DELETE FROM LOB_IDS WHERE LOB_ID=1
INSERT INTO LOB_IDS VALUES(1,24,1,40)
DELETE FROM LOB_IDS WHERE LOB_ID=2
INSERT INTO LOB_IDS VALUES(2,44,1,40)
COMMIT
/*C10*/DISCONNECT
